<?xml version="1.0" encoding="UTF-8"?>
<!-- Generated by org.testng.reporters.JUnitXMLReporter -->
<testsuite hostname="N-091" ignored="0" name="Surefire test" tests="6" failures="0" timestamp="2020-02-12T14:08:29 ART" time="189.962" errors="0">
  <testcase name="clickDress" time="10.506" classname="EjercicioFinal.TestFinal"/>
  <testcase name="clickWomen" time="10.089" classname="EjercicioFinal.TestFinal"/>
  <testcase name="loginIncorrecto" time="6.301" classname="EjercicioFinal.TestFinal"/>
  <testcase name="searchExis" time="7.009" classname="EjercicioFinal.TestFinal"/>
  <testcase name="searchInex" time="7.875" classname="EjercicioFinal.TestFinal"/>
  <testcase name="selectTShirt" time="24.391" classname="EjercicioFinal.TestFinal"/>
</testsuite> <!-- Surefire test -->
