<?xml version="1.0" encoding="UTF-8"?>
<!-- Generated by org.testng.reporters.JUnitXMLReporter -->
<testsuite hostname="N-091" ignored="0" name="Surefire test" tests="6" failures="1" timestamp="2020-02-17T16:09:32 ART" time="206.807" errors="0">
  <testcase name="clickDress" time="10.926" classname="EjercicioFinal.TestFinal"/>
  <testcase name="clickWomen" time="17.264" classname="EjercicioFinal.TestFinal">
    <failure type="java.lang.AssertionError" message="&amp;gt;&amp;gt; SECCION INCORRECTA &amp;lt;&amp;lt; expected [TOPS ] but found [WOMEN ]">
      <![CDATA[java.lang.AssertionError: >> SECCION INCORRECTA << expected [TOPS ] but found [WOMEN ]
at EjercicioFinal.TestFinal.clickWomen(TestFinal.java:73)
at java.util.ArrayList.forEach(ArrayList.java:1257)
... Removed 36 stack frames]]>
    </failure>
  </testcase> <!-- clickWomen -->
  <testcase name="loginIncorrecto" time="6.632" classname="EjercicioFinal.TestFinal"/>
  <testcase name="searchExis" time="7.912" classname="EjercicioFinal.TestFinal"/>
  <testcase name="searchInex" time="7.244" classname="EjercicioFinal.TestFinal"/>
  <testcase name="selectTShirt" time="25.233" classname="EjercicioFinal.TestFinal"/>
</testsuite> <!-- Surefire test -->
