-------------------------------------------------------------------------------
Test set: EjercicioFinal.TestFinal
-------------------------------------------------------------------------------
Tests run: 6, Failures: 1, Errors: 0, Skipped: 0, Time elapsed: 209.561 s <<< FAILURE! - in EjercicioFinal.TestFinal
clickWomen(EjercicioFinal.TestFinal)  Time elapsed: 17.282 s  <<< FAILURE!
java.lang.AssertionError: >> SECCION INCORRECTA << expected [TOPS ] but found [WOMEN ]
	at EjercicioFinal.TestFinal.clickWomen(TestFinal.java:73)

